<?xml version="1.0" encoding="UTF-8" standalone="no"?><testsuite errors="0" failures="0" name="Edicilon de unidad de transporte en plataforma fleetguar360" skipped="2" tests="2" time="0.5" timestamp="2025-07-01 10:01:03"><testcase name="Edicion exitosa de los campos permitidos"><compromised message="No page defined with the name 'null'" type="net.serenitybdd.screenplay.actions.UnknownPageException">No page defined with the name 'null'</compromised><system-err>No page defined with the name 'null'&#13;
co.edu.udea.calidadv.fleetguar360.stepdefinitions.EditUnitStepDefinition.queElUsuarioEstaEnElFormulario(EditUnitStepDefinition.java:31)&#13;
worker.org.gradle.process.internal.worker.GradleWorkerMain.run(GradleWorkerMain.java:69)&#13;
worker.org.gradle.process.internal.worker.GradleWorkerMain.main(GradleWorkerMain.java:74)&#13;
</system-err></testcase><testcase name="Edicion con campos obligatorios vacios"><compromised message="No page defined with the name 'null'" type="net.serenitybdd.screenplay.actions.UnknownPageException">No page defined with the name 'null'</compromised><system-err>No page defined with the name 'null'&#13;
co.edu.udea.calidadv.fleetguar360.stepdefinitions.EditUnitStepDefinition.queElUsuarioEstaEnElFormulario(EditUnitStepDefinition.java:31)&#13;
worker.org.gradle.process.internal.worker.GradleWorkerMain.run(GradleWorkerMain.java:69)&#13;
worker.org.gradle.process.internal.worker.GradleWorkerMain.main(GradleWorkerMain.java:74)&#13;
</system-err></testcase></testsuite>